  mymesh.cpp
D:\eigen-3.4.0\Eigen\src\Core\arch\Default\Half.h(1,1): warning C4819: 该文件包含不能在当前代码页(936)中表示的字符。请将该文件保存为 Unicode 格式以防止数据丢失
  (编译源文件“D:/Myproject/Algorithm%20Library/src/mymesh.cpp”)
  
D:\eigen-3.4.0\Eigen\src\Core\arch\Default\BFloat16.h(1,1): warning C4819: 该文件包含不能在当前代码页(936)中表示的字符。请将该文件保存为 Unicode 格式以防止数据丢失
  (编译源文件“D:/Myproject/Algorithm%20Library/src/mymesh.cpp”)
  
D:\eigen-3.4.0\Eigen\src\Core\arch\Default\GenericPacketMathFunctions.h(676,1): warning C4819: 该文件包含不能在当前代码页(936)中表示的字符。请将该文件保存为 Unicode 格式以防止数据丢失
  (编译源文件“D:/Myproject/Algorithm%20Library/src/mymesh.cpp”)
  
D:\Myproject\Algorithm Library\include\mymesh.h(215,16): warning C4267: “初始化”: 从“size_t”转换到“int”，可能丢失数据
  (编译源文件“D:/Myproject/Algorithm%20Library/src/mymesh.cpp”)
  
D:\vcglib\vcg\complex\append.h(389,23): warning C4267: “初始化”: 从“size_t”转换到“unsigned int”，可能丢失数据
  (编译源文件“D:/Myproject/Algorithm%20Library/src/mymesh.cpp”)
      D:\vcglib\vcg\complex\append.h(389,23):
      模板实例化上下文(最早的实例化上下文)为
          D:\Myproject\Algorithm Library\src\mymesh.cpp(17,36):
          查看对正在编译的 类 模板 实例化“vcg::tri::Append<CMeshO,CMeshO>”的引用
          D:\vcglib\vcg\complex\append.h(288,13):
          在编译 类 模板 成员函数“void vcg::tri::Append<CMeshO,CMeshO>::MeshAppendConst(MeshLeft &,const ConstMeshRight &,const bool,const bool)”时
          with
          [
              MeshLeft=CMeshO,
              ConstMeshRight=CMeshO
          ]
              D:\Myproject\Algorithm Library\src\mymesh.cpp(17,51):
              请参阅 "CMeshO::CMeshO" 中对 "vcg::tri::Append<CMeshO,CMeshO>::MeshAppendConst" 的第一个引用
  
D:\vcglib\vcg\complex\append.h(400,28): warning C4244: “=”: 从“__int64”转换到“_Ty”，可能丢失数据
D:\vcglib\vcg\complex\append.h(400,28): warning C4244:         with
D:\vcglib\vcg\complex\append.h(400,28): warning C4244:         [
D:\vcglib\vcg\complex\append.h(400,28): warning C4244:             _Ty=unsigned int
D:\vcglib\vcg\complex\append.h(400,28): warning C4244:         ]
  (编译源文件“D:/Myproject/Algorithm%20Library/src/mymesh.cpp”)
  
D:\vcglib\vcg\complex\algorithms\clean.h(424,21): warning C4244: “return”: 从“__int64”转换到“int”，可能丢失数据
  (编译源文件“D:/Myproject/Algorithm%20Library/src/mymesh.cpp”)
      D:\vcglib\vcg\complex\algorithms\clean.h(424,21):
      模板实例化上下文(最早的实例化上下文)为
          D:\Myproject\Algorithm Library\include\mymesh.h(244,28):
          查看对正在编译的 类 模板 实例化“vcg::tri::Clean<CMeshO>”的引用
          D:\vcglib\vcg\complex\algorithms\clean.h(396,13):
          在编译 类 模板 成员函数“int vcg::tri::Clean<CMeshO>::RemoveUnreferencedVertex(CMeshO &,bool)”时
              D:\Myproject\Algorithm Library\include\mymesh.h(245,52):
              请参阅 "CMeshO::EnableAttribute" 中对 "vcg::tri::Clean<CMeshO>::RemoveUnreferencedVertex" 的第一个引用
  
D:\vcglib\vcg\complex\algorithms\clean.h(370,68): warning C4267: “参数”: 从“size_t”转换到“unsigned int”，可能丢失数据
  (编译源文件“D:/Myproject/Algorithm%20Library/src/mymesh.cpp”)
      D:\vcglib\vcg\complex\algorithms\clean.h(370,68):
      模板实例化上下文(最早的实例化上下文)为
          D:\vcglib\vcg\complex\algorithms\clean.h(363,13):
          在编译 类 模板 成员函数“int vcg::tri::Clean<CMeshO>::RemoveDuplicateEdge(CMeshO &)”时
              D:\vcglib\vcg\complex\algorithms\clean.h(273,23):
              请参阅 "vcg::tri::Clean<CMeshO>::RemoveDuplicateVertex" 中对 "vcg::tri::Clean<CMeshO>::RemoveDuplicateEdge" 的第一个引用
              D:\Myproject\Algorithm Library\include\mymesh.h(244,49):
              请参阅 "CMeshO::EnableAttribute" 中对 "vcg::tri::Clean<CMeshO>::RemoveDuplicateVertex" 的第一个引用
  
D:\vcglib\vcg\complex\algorithms\clean.h(370,42): warning C4267: “参数”: 从“size_t”转换到“unsigned int”，可能丢失数据
  (编译源文件“D:/Myproject/Algorithm%20Library/src/mymesh.cpp”)
  
D:\vcglib\vcg\complex\allocate.h(761,13): warning C4267: “+=”: 从“size_t”转换到“int”，可能丢失数据
  (编译源文件“D:/Myproject/Algorithm%20Library/src/mymesh.cpp”)
      D:\vcglib\vcg\complex\allocate.h(761,13):
      模板实例化上下文(最早的实例化上下文)为
          D:\Myproject\Algorithm Library\include\mymesh.h(246,32):
          查看对正在编译的 类 模板 实例化“vcg::tri::Allocator<CMeshO>”的引用
          D:\vcglib\vcg\complex\allocate.h(743,24):
          在编译 类 模板 成员函数“std::_Vector_iterator<std::_Vector_val<std::_Simple_types<_Ty>>> vcg::tri::Allocator<CMeshO>::AddTetras(MeshType &,size_t,vcg::tri::Allocator<MeshType>::PointerUpdater<vcg::TetraSimp<vcg::UsedTypes<vcg::Use<CVertexO>::AsVertexType,vcg::Use<CEdgeO>::AsEdgeType,vcg::Use<CFaceO>::AsFaceType,vcg::DefaultDeriver,vcg::DefaultDeriver,vcg::DefaultDeriver,vcg::DefaultDeriver,vcg::DefaultDeriver>,vcg::DefaultDeriver,vcg::DefaultDeriver,vcg::DefaultDeriver,vcg::DefaultDeriver,vcg::DefaultDeriver,vcg::DefaultDeriver,vcg::DefaultDeriver,vcg::DefaultDeriver,vcg::DefaultDeriver,vcg::DefaultDeriver,vcg::DefaultDeriver,vcg::DefaultDeriver> *> &)”时
          with
          [
              _Ty=vcg::TetraSimp<vcg::UsedTypes<vcg::Use<CVertexO>::AsVertexType,vcg::Use<CEdgeO>::AsEdgeType,vcg::Use<CFaceO>::AsFaceType,vcg::DefaultDeriver,vcg::DefaultDeriver,vcg::DefaultDeriver,vcg::DefaultDeriver,vcg::DefaultDeriver>,vcg::DefaultDeriver,vcg::DefaultDeriver,vcg::DefaultDeriver,vcg::DefaultDeriver,vcg::DefaultDeriver,vcg::DefaultDeriver,vcg::DefaultDeriver,vcg::DefaultDeriver,vcg::DefaultDeriver,vcg::DefaultDeriver,vcg::DefaultDeriver,vcg::DefaultDeriver>,
              MeshType=CMeshO
          ]
              D:\vcglib\vcg\complex\allocate.h(901,5):
              请参阅 "vcg::tri::Allocator<CMeshO>::AddTetras" 中对 "vcg::tri::Allocator<CMeshO>::AddTetras" 的第一个引用
              D:\vcglib\vcg\complex\append.h(375,25):
              请参阅 "vcg::tri::Append<CMeshO,CMeshO>::MeshAppendConst::<lambda_5>::operator ()" 中对 "vcg::tri::Allocator<CMeshO>::AddTetras" 的第一个引用
  
D:\vcglib\vcg\simplex\vertex\component_ocf.h(535,16): warning C4244: “初始化”: 从“__int64”转换到“int”，可能丢失数据
  (编译源文件“D:/Myproject/Algorithm%20Library/src/mymesh.cpp”)
      D:\vcglib\vcg\simplex\vertex\component_ocf.h(535,16):
      模板实例化上下文(最早的实例化上下文)为
          D:\Myproject\Algorithm Library\include\mymesh.h(71,30):
          查看对正在编译的 类 模板 实例化“vcg::Vertex<CUsedTypesO,vcg::vertex::InfoOcf,vcg::vertex::Coord3m,vcg::vertex::BitFlags,vcg::vertex::Normal3m,vcg::vertex::Qualitym,vcg::vertex::Color4b,vcg::vertex::VFAdjOcf,vcg::vertex::MarkOcf,vcg::vertex::TexCoordfOcf,vcg::vertex::CurvatureDirmOcf,vcg::vertex::RadiusmOcf,vcg::DefaultDeriver>”的引用
          D:\vcglib\vcg\simplex\vertex\base.h(193,29):
          查看对正在编译的 类 模板 实例化“vcg::VertexArityMax<UserTypes,A,B,C,D,E,F,G,H,I,J,K,L>”的引用
          with
          [
              UserTypes=CUsedTypesO,
              A=vcg::vertex::InfoOcf,
              B=vcg::vertex::Coord3m,
              C=vcg::vertex::BitFlags,
              D=vcg::vertex::Normal3m,
              E=vcg::vertex::Qualitym,
              F=vcg::vertex::Color4b,
              G=vcg::vertex::VFAdjOcf,
              H=vcg::vertex::MarkOcf,
              I=vcg::vertex::TexCoordfOcf,
              J=vcg::vertex::CurvatureDirmOcf,
              K=vcg::vertex::RadiusmOcf,
              L=vcg::DefaultDeriver
          ]
          D:\vcglib\vcg\simplex\vertex\base.h(64,30):
          查看对正在编译的 类 模板 实例化“vcg::Arity12<vcg::vertex::EmptyCore<UserTypes>,A,B,C,D,E,F,G,H,I,J,K,L>”的引用
          with
          [
              UserTypes=CUsedTypesO,
              A=vcg::vertex::InfoOcf,
              B=vcg::vertex::Coord3m,
              C=vcg::vertex::BitFlags,
              D=vcg::vertex::Normal3m,
              E=vcg::vertex::Qualitym,
              F=vcg::vertex::Color4b,
              G=vcg::vertex::VFAdjOcf,
              H=vcg::vertex::MarkOcf,
              I=vcg::vertex::TexCoordfOcf,
              J=vcg::vertex::CurvatureDirmOcf,
              K=vcg::vertex::RadiusmOcf,
              L=vcg::DefaultDeriver
          ]
          D:\vcglib\vcg\container\derivation_chain.h(124,63):
          查看对正在编译的 类 模板 实例化“vcg::DefaultDeriver<vcg::Arity11<Base,A,B,C,D,E,F,G,H,I,J,K>>”的引用
          with
          [
              Base=vcg::vertex::EmptyCore<CUsedTypesO>,
              A=vcg::vertex::InfoOcf,
              B=vcg::vertex::Coord3m,
              C=vcg::vertex::BitFlags,
              D=vcg::vertex::Normal3m,
              E=vcg::vertex::Qualitym,
              F=vcg::vertex::Color4b,
              G=vcg::vertex::VFAdjOcf,
              H=vcg::vertex::MarkOcf,
              I=vcg::vertex::TexCoordfOcf,
              J=vcg::vertex::CurvatureDirmOcf,
              K=vcg::vertex::RadiusmOcf
          ]
          D:\vcglib\vcg\container\derivation_chain.h(32,31):
          查看对正在编译的 类 模板 实例化“vcg::Arity11<Base,A,B,C,D,E,F,G,H,I,J,K>”的引用
          with
          [
              Base=vcg::vertex::EmptyCore<CUsedTypesO>,
              A=vcg::vertex::InfoOcf,
              B=vcg::vertex::Coord3m,
              C=vcg::vertex::BitFlags,
              D=vcg::vertex::Normal3m,
              E=vcg::vertex::Qualitym,
              F=vcg::vertex::Color4b,
              G=vcg::vertex::VFAdjOcf,
              H=vcg::vertex::MarkOcf,
              I=vcg::vertex::TexCoordfOcf,
              J=vcg::vertex::CurvatureDirmOcf,
              K=vcg::vertex::RadiusmOcf
          ]
          D:\vcglib\vcg\container\derivation_chain.h(113,28):
          查看对正在编译的 类 模板 实例化“vcg::vertex::RadiusmOcf<vcg::Arity10<Base,A,B,C,D,E,F,G,H,I,J>>”的引用
          with
          [
              Base=vcg::vertex::EmptyCore<CUsedTypesO>,
              A=vcg::vertex::InfoOcf,
              B=vcg::vertex::Coord3m,
              C=vcg::vertex::BitFlags,
              D=vcg::vertex::Normal3m,
              E=vcg::vertex::Qualitym,
              F=vcg::vertex::Color4b,
              G=vcg::vertex::VFAdjOcf,
              H=vcg::vertex::MarkOcf,
              I=vcg::vertex::TexCoordfOcf,
              J=vcg::vertex::CurvatureDirmOcf
          ]
          D:\Myproject\Algorithm Library\include\mymesh.h(33,48):
          查看对正在编译的 类 模板 实例化“vcg::vertex::RadiusOcf<float,T>”的引用
          with
          [
              T=vcg::Arity10<vcg::vertex::EmptyCore<CUsedTypesO>,vcg::vertex::InfoOcf,vcg::vertex::Coord3m,vcg::vertex::BitFlags,vcg::vertex::Normal3m,vcg::vertex::Qualitym,vcg::vertex::Color4b,vcg::vertex::VFAdjOcf,vcg::vertex::MarkOcf,vcg::vertex::TexCoordfOcf,vcg::vertex::CurvatureDirmOcf>
          ]
          D:\vcglib\vcg\simplex\vertex\component_ocf.h(495,54):
          查看对正在编译的 类 模板 实例化“vcg::Arity10<Base,A,B,C,D,E,F,G,H,I,J>”的引用
          with
          [
              Base=vcg::vertex::EmptyCore<CUsedTypesO>,
              A=vcg::vertex::InfoOcf,
              B=vcg::vertex::Coord3m,
              C=vcg::vertex::BitFlags,
              D=vcg::vertex::Normal3m,
              E=vcg::vertex::Qualitym,
              F=vcg::vertex::Color4b,
              G=vcg::vertex::VFAdjOcf,
              H=vcg::vertex::MarkOcf,
              I=vcg::vertex::TexCoordfOcf,
              J=vcg::vertex::CurvatureDirmOcf
          ]
          D:\vcglib\vcg\container\derivation_chain.h(103,28):
          查看对正在编译的 类 模板 实例化“vcg::vertex::CurvatureDirmOcf<vcg::Arity9<Base,A,B,C,D,E,F,G,H,I>>”的引用
          with
          [
              Base=vcg::vertex::EmptyCore<CUsedTypesO>,
              A=vcg::vertex::InfoOcf,
              B=vcg::vertex::Coord3m,
              C=vcg::vertex::BitFlags,
              D=vcg::vertex::Normal3m,
              E=vcg::vertex::Qualitym,
              F=vcg::vertex::Color4b,
              G=vcg::vertex::VFAdjOcf,
              H=vcg::vertex::MarkOcf,
              I=vcg::vertex::TexCoordfOcf
          ]
          D:\Myproject\Algorithm Library\include\mymesh.h(29,54):
          查看对正在编译的 类 模板 实例化“vcg::vertex::CurvatureDirOcf<vcg::vertex::CurvatureDirTypeOcf<float>,T>”的引用
          with
          [
              T=vcg::Arity9<vcg::vertex::EmptyCore<CUsedTypesO>,vcg::vertex::InfoOcf,vcg::vertex::Coord3m,vcg::vertex::BitFlags,vcg::vertex::Normal3m,vcg::vertex::Qualitym,vcg::vertex::Color4b,vcg::vertex::VFAdjOcf,vcg::vertex::MarkOcf,vcg::vertex::TexCoordfOcf>
          ]
          D:\vcglib\vcg\simplex\vertex\component_ocf.h(447,60):
          查看对正在编译的 类 模板 实例化“vcg::Arity9<Base,A,B,C,D,E,F,G,H,I>”的引用
          with
          [
              Base=vcg::vertex::EmptyCore<CUsedTypesO>,
              A=vcg::vertex::InfoOcf,
              B=vcg::vertex::Coord3m,
              C=vcg::vertex::BitFlags,
              D=vcg::vertex::Normal3m,
              E=vcg::vertex::Qualitym,
              F=vcg::vertex::Color4b,
              G=vcg::vertex::VFAdjOcf,
              H=vcg::vertex::MarkOcf,
              I=vcg::vertex::TexCoordfOcf
          ]
          D:\vcglib\vcg\container\derivation_chain.h(94,27):
          查看对正在编译的 类 模板 实例化“vcg::vertex::TexCoordfOcf<vcg::Arity8<Base,A,B,C,D,E,F,G,H>>”的引用
          with
          [
              Base=vcg::vertex::EmptyCore<CUsedTypesO>,
              A=vcg::vertex::InfoOcf,
              B=vcg::vertex::Coord3m,
              C=vcg::vertex::BitFlags,
              D=vcg::vertex::Normal3m,
              E=vcg::vertex::Qualitym,
              F=vcg::vertex::Color4b,
              G=vcg::vertex::VFAdjOcf,
              H=vcg::vertex::MarkOcf
          ]
          D:\vcglib\vcg\simplex\vertex\component_ocf.h(406,47):
          查看对正在编译的 类 模板 实例化“vcg::vertex::TexCoordOcf<vcg::TexCoord2<float,1>,T>”的引用
          with
          [
              T=vcg::Arity8<vcg::vertex::EmptyCore<CUsedTypesO>,vcg::vertex::InfoOcf,vcg::vertex::Coord3m,vcg::vertex::BitFlags,vcg::vertex::Normal3m,vcg::vertex::Qualitym,vcg::vertex::Color4b,vcg::vertex::VFAdjOcf,vcg::vertex::MarkOcf>
          ]
          D:\vcglib\vcg\simplex\vertex\component_ocf.h(388,56):
          查看对正在编译的 类 模板 实例化“vcg::Arity8<Base,A,B,C,D,E,F,G,H>”的引用
          with
          [
              Base=vcg::vertex::EmptyCore<CUsedTypesO>,
              A=vcg::vertex::InfoOcf,
              B=vcg::vertex::Coord3m,
              C=vcg::vertex::BitFlags,
              D=vcg::vertex::Normal3m,
              E=vcg::vertex::Qualitym,
              F=vcg::vertex::Color4b,
              G=vcg::vertex::VFAdjOcf,
              H=vcg::vertex::MarkOcf
          ]
          D:\vcglib\vcg\container\derivation_chain.h(85,27):
          查看对正在编译的 类 模板 实例化“vcg::vertex::MarkOcf<vcg::Arity7<Base,A,B,C,D,E,F,G>>”的引用
          with
          [
              Base=vcg::vertex::EmptyCore<CUsedTypesO>,
              A=vcg::vertex::InfoOcf,
              B=vcg::vertex::Coord3m,
              C=vcg::vertex::BitFlags,
              D=vcg::vertex::Normal3m,
              E=vcg::vertex::Qualitym,
              F=vcg::vertex::Color4b,
              G=vcg::vertex::VFAdjOcf
          ]
          D:\vcglib\vcg\simplex\vertex\component_ocf.h(412,42):
          查看对正在编译的 类 模板 实例化“vcg::Arity7<Base,A,B,C,D,E,F,G>”的引用
          with
          [
              Base=vcg::vertex::EmptyCore<CUsedTypesO>,
              A=vcg::vertex::InfoOcf,
              B=vcg::vertex::Coord3m,
              C=vcg::vertex::BitFlags,
              D=vcg::vertex::Normal3m,
              E=vcg::vertex::Qualitym,
              F=vcg::vertex::Color4b,
              G=vcg::vertex::VFAdjOcf
          ]
          D:\vcglib\vcg\container\derivation_chain.h(77,27):
          查看对正在编译的 类 模板 实例化“vcg::vertex::VFAdjOcf<vcg::Arity6<Base,A,B,C,D,E,F>>”的引用
          with
          [
              Base=vcg::vertex::EmptyCore<CUsedTypesO>,
              A=vcg::vertex::InfoOcf,
              B=vcg::vertex::Coord3m,
              C=vcg::vertex::BitFlags,
              D=vcg::vertex::Normal3m,
              E=vcg::vertex::Qualitym,
              F=vcg::vertex::Color4b
          ]
          D:\vcglib\vcg\simplex\vertex\component_ocf.h(275,43):
          查看对正在编译的 类 模板 实例化“vcg::Arity6<Base,A,B,C,D,E,F>”的引用
          with
          [
              Base=vcg::vertex::EmptyCore<CUsedTypesO>,
              A=vcg::vertex::InfoOcf,
              B=vcg::vertex::Coord3m,
              C=vcg::vertex::BitFlags,
              D=vcg::vertex::Normal3m,
              E=vcg::vertex::Qualitym,
              F=vcg::vertex::Color4b
          ]
          D:\vcglib\vcg\container\derivation_chain.h(69,27):
          查看对正在编译的 类 模板 实例化“vcg::vertex::Color4b<vcg::Arity5<Base,A,B,C,D,E>>”的引用
          with
          [
              Base=vcg::vertex::EmptyCore<CUsedTypesO>,
              A=vcg::vertex::InfoOcf,
              B=vcg::vertex::Coord3m,
              C=vcg::vertex::BitFlags,
              D=vcg::vertex::Normal3m,
              E=vcg::vertex::Qualitym
          ]
          D:\vcglib\vcg\simplex\vertex\component.h(383,43):
          查看对正在编译的 类 模板 实例化“vcg::vertex::Color<vcg::Color4b,TT>”的引用
          with
          [
              TT=vcg::Arity5<vcg::vertex::EmptyCore<CUsedTypesO>,vcg::vertex::InfoOcf,vcg::vertex::Coord3m,vcg::vertex::BitFlags,vcg::vertex::Normal3m,vcg::vertex::Qualitym>
          ]
          D:\vcglib\vcg\simplex\vertex\component.h(367,49):
          查看对正在编译的 类 模板 实例化“vcg::Arity5<Base,A,B,C,D,E>”的引用
          with
          [
              Base=vcg::vertex::EmptyCore<CUsedTypesO>,
              A=vcg::vertex::InfoOcf,
              B=vcg::vertex::Coord3m,
              C=vcg::vertex::BitFlags,
              D=vcg::vertex::Normal3m,
              E=vcg::vertex::Qualitym
          ]
          D:\vcglib\vcg\container\derivation_chain.h(62,27):
          查看对正在编译的 类 模板 实例化“vcg::vertex::Qualitym<vcg::Arity4<Base,A,B,C,D>>”的引用
          with
          [
              Base=vcg::vertex::EmptyCore<CUsedTypesO>,
              A=vcg::vertex::InfoOcf,
              B=vcg::vertex::Coord3m,
              C=vcg::vertex::BitFlags,
              D=vcg::vertex::Normal3m
          ]
          D:\Myproject\Algorithm Library\include\mymesh.h(25,46):
          查看对正在编译的 类 模板 实例化“vcg::vertex::Quality<float,T>”的引用
          with
          [
              T=vcg::Arity4<vcg::vertex::EmptyCore<CUsedTypesO>,vcg::vertex::InfoOcf,vcg::vertex::Coord3m,vcg::vertex::BitFlags,vcg::vertex::Normal3m>
          ]
          D:\vcglib\vcg\simplex\vertex\component.h(395,52):
          查看对正在编译的 类 模板 实例化“vcg::Arity4<Base,A,B,C,D>”的引用
          with
          [
              Base=vcg::vertex::EmptyCore<CUsedTypesO>,
              A=vcg::vertex::InfoOcf,
              B=vcg::vertex::Coord3m,
              C=vcg::vertex::BitFlags,
              D=vcg::vertex::Normal3m
          ]
          D:\vcglib\vcg\container\derivation_chain.h(55,27):
          查看对正在编译的 类 模板 实例化“vcg::vertex::Normal3m<vcg::Arity3<Base,A,B,C>>”的引用
          with
          [
              Base=vcg::vertex::EmptyCore<CUsedTypesO>,
              A=vcg::vertex::InfoOcf,
              B=vcg::vertex::Coord3m,
              C=vcg::vertex::BitFlags
          ]
          D:\Myproject\Algorithm Library\include\mymesh.h(21,46):
          查看对正在编译的 类 模板 实例化“vcg::vertex::Normal<vcg::Point3<float>,T>”的引用
          with
          [
              T=vcg::Arity3<vcg::vertex::EmptyCore<CUsedTypesO>,vcg::vertex::InfoOcf,vcg::vertex::Coord3m,vcg::vertex::BitFlags>
          ]
          D:\vcglib\vcg\simplex\vertex\component.h(234,50):
          查看对正在编译的 类 模板 实例化“vcg::Arity3<Base,A,B,C>”的引用
          with
          [
              Base=vcg::vertex::EmptyCore<CUsedTypesO>,
              A=vcg::vertex::InfoOcf,
              B=vcg::vertex::Coord3m,
              C=vcg::vertex::BitFlags
          ]
          D:\vcglib\vcg\container\derivation_chain.h(49,27):
          查看对正在编译的 类 模板 实例化“vcg::vertex::BitFlags<vcg::Arity2<Base,A,B>>”的引用
          with
          [
              Base=vcg::vertex::EmptyCore<CUsedTypesO>,
              A=vcg::vertex::InfoOcf,
              B=vcg::vertex::Coord3m
          ]
          D:\vcglib\vcg\simplex\vertex\component.h(344,44):
          查看对正在编译的 类 模板 实例化“vcg::Arity2<Base,A,B>”的引用
          with
          [
              Base=vcg::vertex::EmptyCore<CUsedTypesO>,
              A=vcg::vertex::InfoOcf,
              B=vcg::vertex::Coord3m
          ]
          D:\vcglib\vcg\container\derivation_chain.h(43,27):
          查看对正在编译的 类 模板 实例化“vcg::vertex::Coord3m<vcg::Arity1<Base,A>>”的引用
          with
          [
              Base=vcg::vertex::EmptyCore<CUsedTypesO>,
              A=vcg::vertex::InfoOcf
          ]
          D:\Myproject\Algorithm Library\include\mymesh.h(17,45):
          查看对正在编译的 类 模板 实例化“vcg::vertex::Coord<vcg::Point3<float>,T>”的引用
          with
          [
              T=vcg::Arity1<vcg::vertex::EmptyCore<CUsedTypesO>,vcg::vertex::InfoOcf>
          ]
          D:\vcglib\vcg\simplex\vertex\component.h(194,49):
          查看对正在编译的 类 模板 实例化“vcg::Arity1<Base,A>”的引用
          with
          [
              Base=vcg::vertex::EmptyCore<CUsedTypesO>,
              A=vcg::vertex::InfoOcf
          ]
          D:\vcglib\vcg\container\derivation_chain.h(37,27):
          查看对正在编译的 类 模板 实例化“vcg::vertex::InfoOcf<Base>”的引用
          with
          [
              Base=vcg::vertex::EmptyCore<CUsedTypesO>
          ]
          D:\vcglib\vcg\simplex\vertex\component_ocf.h(533,16):
          在编译 类 模板 成员函数“int vcg::vertex::InfoOcf<Base>::Index(void) const”时
          with
          [
              Base=vcg::vertex::EmptyCore<CUsedTypesO>
          ]
              D:\vcglib\vcg\simplex\vertex\component_ocf.h(392,75):
              请参阅 "vcg::vertex::TexCoordOcf<vcg::TexCoord2<float,1>,T>::T" 中对 "vcg::vertex::InfoOcf<Base>::Index" 的第一个引用
          with
          [
              T=vcg::Arity8<vcg::vertex::EmptyCore<CUsedTypesO>,vcg::vertex::InfoOcf,vcg::vertex::Coord3m,vcg::vertex::BitFlags,vcg::vertex::Normal3m,vcg::vertex::Qualitym,vcg::vertex::Color4b,vcg::vertex::VFAdjOcf,vcg::vertex::MarkOcf>
          ]
          and
          [
              Base=vcg::vertex::EmptyCore<CUsedTypesO>
          ]
              D:\vcglib\vcg\complex\append.h(422,17):
              请参阅 "vcg::tri::Append<CMeshO,CMeshO>::MeshAppendConst::<lambda_6>::operator ()" 中对 "vcg::vertex::TexCoordOcf<vcg::TexCoord2<float,1>,T>::T" 的第一个引用
          with
          [
              T=vcg::Arity8<vcg::vertex::EmptyCore<CUsedTypesO>,vcg::vertex::InfoOcf,vcg::vertex::Coord3m,vcg::vertex::BitFlags,vcg::vertex::Normal3m,vcg::vertex::Qualitym,vcg::vertex::Color4b,vcg::vertex::VFAdjOcf,vcg::vertex::MarkOcf>
          ]
  
  QuickHull.cpp
D:\eigen-3.4.0\Eigen\src\Core\arch\Default\Half.h(1,1): warning C4819: 该文件包含不能在当前代码页(936)中表示的字符。请将该文件保存为 Unicode 格式以防止数据丢失
  (编译源文件“src/QuickHull.cpp”)
  
D:\eigen-3.4.0\Eigen\src\Core\arch\Default\BFloat16.h(1,1): warning C4819: 该文件包含不能在当前代码页(936)中表示的字符。请将该文件保存为 Unicode 格式以防止数据丢失
  (编译源文件“src/QuickHull.cpp”)
  
D:\eigen-3.4.0\Eigen\src\Core\arch\Default\GenericPacketMathFunctions.h(676,1): warning C4819: 该文件包含不能在当前代码页(936)中表示的字符。请将该文件保存为 Unicode 格式以防止数据丢失
  (编译源文件“src/QuickHull.cpp”)
  
D:\Myproject\Algorithm Library\include\mymesh.h(215,16): warning C4267: “初始化”: 从“size_t”转换到“int”，可能丢失数据
  (编译源文件“src/QuickHull.cpp”)
  
C:\Users\Administrator\Desktop\github\ConvexHull\ConvexHull\ConvexHull\src\QuickHull.cpp(130,20): warning C4267: “初始化”: 从“size_t”转换到“int”，可能丢失数据
C:\Users\Administrator\Desktop\github\ConvexHull\ConvexHull\ConvexHull\src\QuickHull.cpp(167,25): warning C4267: “初始化”: 从“size_t”转换到“int”，可能丢失数据
D:\vcglib\vcg\complex\algorithms\clean.h(424,21): warning C4244: “return”: 从“__int64”转换到“int”，可能丢失数据
  (编译源文件“src/QuickHull.cpp”)
      D:\vcglib\vcg\complex\algorithms\clean.h(424,21):
      模板实例化上下文(最早的实例化上下文)为
          D:\Myproject\Algorithm Library\include\mymesh.h(244,28):
          查看对正在编译的 类 模板 实例化“vcg::tri::Clean<CMeshO>”的引用
          D:\vcglib\vcg\complex\algorithms\clean.h(396,13):
          在编译 类 模板 成员函数“int vcg::tri::Clean<CMeshO>::RemoveUnreferencedVertex(CMeshO &,bool)”时
              D:\Myproject\Algorithm Library\include\mymesh.h(245,52):
              请参阅 "CMeshO::EnableAttribute" 中对 "vcg::tri::Clean<CMeshO>::RemoveUnreferencedVertex" 的第一个引用
  
D:\vcglib\vcg\complex\algorithms\clean.h(370,68): warning C4267: “参数”: 从“size_t”转换到“unsigned int”，可能丢失数据
  (编译源文件“src/QuickHull.cpp”)
      D:\vcglib\vcg\complex\algorithms\clean.h(370,68):
      模板实例化上下文(最早的实例化上下文)为
          D:\vcglib\vcg\complex\algorithms\clean.h(363,13):
          在编译 类 模板 成员函数“int vcg::tri::Clean<CMeshO>::RemoveDuplicateEdge(CMeshO &)”时
              D:\vcglib\vcg\complex\algorithms\clean.h(273,23):
              请参阅 "vcg::tri::Clean<CMeshO>::RemoveDuplicateVertex" 中对 "vcg::tri::Clean<CMeshO>::RemoveDuplicateEdge" 的第一个引用
              D:\Myproject\Algorithm Library\include\mymesh.h(244,49):
              请参阅 "CMeshO::EnableAttribute" 中对 "vcg::tri::Clean<CMeshO>::RemoveDuplicateVertex" 的第一个引用
  
D:\vcglib\vcg\complex\algorithms\clean.h(370,42): warning C4267: “参数”: 从“size_t”转换到“unsigned int”，可能丢失数据
  (编译源文件“src/QuickHull.cpp”)
  
D:\vcglib\vcg\simplex\vertex\component_ocf.h(535,16): warning C4244: “初始化”: 从“__int64”转换到“int”，可能丢失数据
  (编译源文件“src/QuickHull.cpp”)
      D:\vcglib\vcg\simplex\vertex\component_ocf.h(535,16):
      模板实例化上下文(最早的实例化上下文)为
          D:\Myproject\Algorithm Library\include\mymesh.h(71,30):
          查看对正在编译的 类 模板 实例化“vcg::Vertex<CUsedTypesO,vcg::vertex::InfoOcf,vcg::vertex::Coord3m,vcg::vertex::BitFlags,vcg::vertex::Normal3m,vcg::vertex::Qualitym,vcg::vertex::Color4b,vcg::vertex::VFAdjOcf,vcg::vertex::MarkOcf,vcg::vertex::TexCoordfOcf,vcg::vertex::CurvatureDirmOcf,vcg::vertex::RadiusmOcf,vcg::DefaultDeriver>”的引用
          D:\vcglib\vcg\simplex\vertex\base.h(193,29):
          查看对正在编译的 类 模板 实例化“vcg::VertexArityMax<UserTypes,A,B,C,D,E,F,G,H,I,J,K,L>”的引用
          with
          [
              UserTypes=CUsedTypesO,
              A=vcg::vertex::InfoOcf,
              B=vcg::vertex::Coord3m,
              C=vcg::vertex::BitFlags,
              D=vcg::vertex::Normal3m,
              E=vcg::vertex::Qualitym,
              F=vcg::vertex::Color4b,
              G=vcg::vertex::VFAdjOcf,
              H=vcg::vertex::MarkOcf,
              I=vcg::vertex::TexCoordfOcf,
              J=vcg::vertex::CurvatureDirmOcf,
              K=vcg::vertex::RadiusmOcf,
              L=vcg::DefaultDeriver
          ]
          D:\vcglib\vcg\simplex\vertex\base.h(64,30):
          查看对正在编译的 类 模板 实例化“vcg::Arity12<vcg::vertex::EmptyCore<UserTypes>,A,B,C,D,E,F,G,H,I,J,K,L>”的引用
          with
          [
              UserTypes=CUsedTypesO,
              A=vcg::vertex::InfoOcf,
              B=vcg::vertex::Coord3m,
              C=vcg::vertex::BitFlags,
              D=vcg::vertex::Normal3m,
              E=vcg::vertex::Qualitym,
              F=vcg::vertex::Color4b,
              G=vcg::vertex::VFAdjOcf,
              H=vcg::vertex::MarkOcf,
              I=vcg::vertex::TexCoordfOcf,
              J=vcg::vertex::CurvatureDirmOcf,
              K=vcg::vertex::RadiusmOcf,
              L=vcg::DefaultDeriver
          ]
          D:\vcglib\vcg\container\derivation_chain.h(124,63):
          查看对正在编译的 类 模板 实例化“vcg::DefaultDeriver<vcg::Arity11<Base,A,B,C,D,E,F,G,H,I,J,K>>”的引用
          with
          [
              Base=vcg::vertex::EmptyCore<CUsedTypesO>,
              A=vcg::vertex::InfoOcf,
              B=vcg::vertex::Coord3m,
              C=vcg::vertex::BitFlags,
              D=vcg::vertex::Normal3m,
              E=vcg::vertex::Qualitym,
              F=vcg::vertex::Color4b,
              G=vcg::vertex::VFAdjOcf,
              H=vcg::vertex::MarkOcf,
              I=vcg::vertex::TexCoordfOcf,
              J=vcg::vertex::CurvatureDirmOcf,
              K=vcg::vertex::RadiusmOcf
          ]
          D:\vcglib\vcg\container\derivation_chain.h(32,31):
          查看对正在编译的 类 模板 实例化“vcg::Arity11<Base,A,B,C,D,E,F,G,H,I,J,K>”的引用
          with
          [
              Base=vcg::vertex::EmptyCore<CUsedTypesO>,
              A=vcg::vertex::InfoOcf,
              B=vcg::vertex::Coord3m,
              C=vcg::vertex::BitFlags,
              D=vcg::vertex::Normal3m,
              E=vcg::vertex::Qualitym,
              F=vcg::vertex::Color4b,
              G=vcg::vertex::VFAdjOcf,
              H=vcg::vertex::MarkOcf,
              I=vcg::vertex::TexCoordfOcf,
              J=vcg::vertex::CurvatureDirmOcf,
              K=vcg::vertex::RadiusmOcf
          ]
          D:\vcglib\vcg\container\derivation_chain.h(113,28):
          查看对正在编译的 类 模板 实例化“vcg::vertex::RadiusmOcf<vcg::Arity10<Base,A,B,C,D,E,F,G,H,I,J>>”的引用
          with
          [
              Base=vcg::vertex::EmptyCore<CUsedTypesO>,
              A=vcg::vertex::InfoOcf,
              B=vcg::vertex::Coord3m,
              C=vcg::vertex::BitFlags,
              D=vcg::vertex::Normal3m,
              E=vcg::vertex::Qualitym,
              F=vcg::vertex::Color4b,
              G=vcg::vertex::VFAdjOcf,
              H=vcg::vertex::MarkOcf,
              I=vcg::vertex::TexCoordfOcf,
              J=vcg::vertex::CurvatureDirmOcf
          ]
          D:\Myproject\Algorithm Library\include\mymesh.h(33,48):
          查看对正在编译的 类 模板 实例化“vcg::vertex::RadiusOcf<float,T>”的引用
          with
          [
              T=vcg::Arity10<vcg::vertex::EmptyCore<CUsedTypesO>,vcg::vertex::InfoOcf,vcg::vertex::Coord3m,vcg::vertex::BitFlags,vcg::vertex::Normal3m,vcg::vertex::Qualitym,vcg::vertex::Color4b,vcg::vertex::VFAdjOcf,vcg::vertex::MarkOcf,vcg::vertex::TexCoordfOcf,vcg::vertex::CurvatureDirmOcf>
          ]
          D:\vcglib\vcg\simplex\vertex\component_ocf.h(495,54):
          查看对正在编译的 类 模板 实例化“vcg::Arity10<Base,A,B,C,D,E,F,G,H,I,J>”的引用
          with
          [
              Base=vcg::vertex::EmptyCore<CUsedTypesO>,
              A=vcg::vertex::InfoOcf,
              B=vcg::vertex::Coord3m,
              C=vcg::vertex::BitFlags,
              D=vcg::vertex::Normal3m,
              E=vcg::vertex::Qualitym,
              F=vcg::vertex::Color4b,
              G=vcg::vertex::VFAdjOcf,
              H=vcg::vertex::MarkOcf,
              I=vcg::vertex::TexCoordfOcf,
              J=vcg::vertex::CurvatureDirmOcf
          ]
          D:\vcglib\vcg\container\derivation_chain.h(103,28):
          查看对正在编译的 类 模板 实例化“vcg::vertex::CurvatureDirmOcf<vcg::Arity9<Base,A,B,C,D,E,F,G,H,I>>”的引用
          with
          [
              Base=vcg::vertex::EmptyCore<CUsedTypesO>,
              A=vcg::vertex::InfoOcf,
              B=vcg::vertex::Coord3m,
              C=vcg::vertex::BitFlags,
              D=vcg::vertex::Normal3m,
              E=vcg::vertex::Qualitym,
              F=vcg::vertex::Color4b,
              G=vcg::vertex::VFAdjOcf,
              H=vcg::vertex::MarkOcf,
              I=vcg::vertex::TexCoordfOcf
          ]
          D:\Myproject\Algorithm Library\include\mymesh.h(29,54):
          查看对正在编译的 类 模板 实例化“vcg::vertex::CurvatureDirOcf<vcg::vertex::CurvatureDirTypeOcf<float>,T>”的引用
          with
          [
              T=vcg::Arity9<vcg::vertex::EmptyCore<CUsedTypesO>,vcg::vertex::InfoOcf,vcg::vertex::Coord3m,vcg::vertex::BitFlags,vcg::vertex::Normal3m,vcg::vertex::Qualitym,vcg::vertex::Color4b,vcg::vertex::VFAdjOcf,vcg::vertex::MarkOcf,vcg::vertex::TexCoordfOcf>
          ]
          D:\vcglib\vcg\simplex\vertex\component_ocf.h(447,60):
          查看对正在编译的 类 模板 实例化“vcg::Arity9<Base,A,B,C,D,E,F,G,H,I>”的引用
          with
          [
              Base=vcg::vertex::EmptyCore<CUsedTypesO>,
              A=vcg::vertex::InfoOcf,
              B=vcg::vertex::Coord3m,
              C=vcg::vertex::BitFlags,
              D=vcg::vertex::Normal3m,
              E=vcg::vertex::Qualitym,
              F=vcg::vertex::Color4b,
              G=vcg::vertex::VFAdjOcf,
              H=vcg::vertex::MarkOcf,
              I=vcg::vertex::TexCoordfOcf
          ]
          D:\vcglib\vcg\container\derivation_chain.h(94,27):
          查看对正在编译的 类 模板 实例化“vcg::vertex::TexCoordfOcf<vcg::Arity8<Base,A,B,C,D,E,F,G,H>>”的引用
          with
          [
              Base=vcg::vertex::EmptyCore<CUsedTypesO>,
              A=vcg::vertex::InfoOcf,
              B=vcg::vertex::Coord3m,
              C=vcg::vertex::BitFlags,
              D=vcg::vertex::Normal3m,
              E=vcg::vertex::Qualitym,
              F=vcg::vertex::Color4b,
              G=vcg::vertex::VFAdjOcf,
              H=vcg::vertex::MarkOcf
          ]
          D:\vcglib\vcg\simplex\vertex\component_ocf.h(406,47):
          查看对正在编译的 类 模板 实例化“vcg::vertex::TexCoordOcf<vcg::TexCoord2<float,1>,T>”的引用
          with
          [
              T=vcg::Arity8<vcg::vertex::EmptyCore<CUsedTypesO>,vcg::vertex::InfoOcf,vcg::vertex::Coord3m,vcg::vertex::BitFlags,vcg::vertex::Normal3m,vcg::vertex::Qualitym,vcg::vertex::Color4b,vcg::vertex::VFAdjOcf,vcg::vertex::MarkOcf>
          ]
          D:\vcglib\vcg\simplex\vertex\component_ocf.h(388,56):
          查看对正在编译的 类 模板 实例化“vcg::Arity8<Base,A,B,C,D,E,F,G,H>”的引用
          with
          [
              Base=vcg::vertex::EmptyCore<CUsedTypesO>,
              A=vcg::vertex::InfoOcf,
              B=vcg::vertex::Coord3m,
              C=vcg::vertex::BitFlags,
              D=vcg::vertex::Normal3m,
              E=vcg::vertex::Qualitym,
              F=vcg::vertex::Color4b,
              G=vcg::vertex::VFAdjOcf,
              H=vcg::vertex::MarkOcf
          ]
          D:\vcglib\vcg\container\derivation_chain.h(85,27):
          查看对正在编译的 类 模板 实例化“vcg::vertex::MarkOcf<vcg::Arity7<Base,A,B,C,D,E,F,G>>”的引用
          with
          [
              Base=vcg::vertex::EmptyCore<CUsedTypesO>,
              A=vcg::vertex::InfoOcf,
              B=vcg::vertex::Coord3m,
              C=vcg::vertex::BitFlags,
              D=vcg::vertex::Normal3m,
              E=vcg::vertex::Qualitym,
              F=vcg::vertex::Color4b,
              G=vcg::vertex::VFAdjOcf
          ]
          D:\vcglib\vcg\simplex\vertex\component_ocf.h(412,42):
          查看对正在编译的 类 模板 实例化“vcg::Arity7<Base,A,B,C,D,E,F,G>”的引用
          with
          [
              Base=vcg::vertex::EmptyCore<CUsedTypesO>,
              A=vcg::vertex::InfoOcf,
              B=vcg::vertex::Coord3m,
              C=vcg::vertex::BitFlags,
              D=vcg::vertex::Normal3m,
              E=vcg::vertex::Qualitym,
              F=vcg::vertex::Color4b,
              G=vcg::vertex::VFAdjOcf
          ]
          D:\vcglib\vcg\container\derivation_chain.h(77,27):
          查看对正在编译的 类 模板 实例化“vcg::vertex::VFAdjOcf<vcg::Arity6<Base,A,B,C,D,E,F>>”的引用
          with
          [
              Base=vcg::vertex::EmptyCore<CUsedTypesO>,
              A=vcg::vertex::InfoOcf,
              B=vcg::vertex::Coord3m,
              C=vcg::vertex::BitFlags,
              D=vcg::vertex::Normal3m,
              E=vcg::vertex::Qualitym,
              F=vcg::vertex::Color4b
          ]
          D:\vcglib\vcg\simplex\vertex\component_ocf.h(275,43):
          查看对正在编译的 类 模板 实例化“vcg::Arity6<Base,A,B,C,D,E,F>”的引用
          with
          [
              Base=vcg::vertex::EmptyCore<CUsedTypesO>,
              A=vcg::vertex::InfoOcf,
              B=vcg::vertex::Coord3m,
              C=vcg::vertex::BitFlags,
              D=vcg::vertex::Normal3m,
              E=vcg::vertex::Qualitym,
              F=vcg::vertex::Color4b
          ]
          D:\vcglib\vcg\container\derivation_chain.h(69,27):
          查看对正在编译的 类 模板 实例化“vcg::vertex::Color4b<vcg::Arity5<Base,A,B,C,D,E>>”的引用
          with
          [
              Base=vcg::vertex::EmptyCore<CUsedTypesO>,
              A=vcg::vertex::InfoOcf,
              B=vcg::vertex::Coord3m,
              C=vcg::vertex::BitFlags,
              D=vcg::vertex::Normal3m,
              E=vcg::vertex::Qualitym
          ]
          D:\vcglib\vcg\simplex\vertex\component.h(383,43):
          查看对正在编译的 类 模板 实例化“vcg::vertex::Color<vcg::Color4b,TT>”的引用
          with
          [
              TT=vcg::Arity5<vcg::vertex::EmptyCore<CUsedTypesO>,vcg::vertex::InfoOcf,vcg::vertex::Coord3m,vcg::vertex::BitFlags,vcg::vertex::Normal3m,vcg::vertex::Qualitym>
          ]
          D:\vcglib\vcg\simplex\vertex\component.h(367,49):
          查看对正在编译的 类 模板 实例化“vcg::Arity5<Base,A,B,C,D,E>”的引用
          with
          [
              Base=vcg::vertex::EmptyCore<CUsedTypesO>,
              A=vcg::vertex::InfoOcf,
              B=vcg::vertex::Coord3m,
              C=vcg::vertex::BitFlags,
              D=vcg::vertex::Normal3m,
              E=vcg::vertex::Qualitym
          ]
          D:\vcglib\vcg\container\derivation_chain.h(62,27):
          查看对正在编译的 类 模板 实例化“vcg::vertex::Qualitym<vcg::Arity4<Base,A,B,C,D>>”的引用
          with
          [
              Base=vcg::vertex::EmptyCore<CUsedTypesO>,
              A=vcg::vertex::InfoOcf,
              B=vcg::vertex::Coord3m,
              C=vcg::vertex::BitFlags,
              D=vcg::vertex::Normal3m
          ]
          D:\Myproject\Algorithm Library\include\mymesh.h(25,46):
          查看对正在编译的 类 模板 实例化“vcg::vertex::Quality<float,T>”的引用
          with
          [
              T=vcg::Arity4<vcg::vertex::EmptyCore<CUsedTypesO>,vcg::vertex::InfoOcf,vcg::vertex::Coord3m,vcg::vertex::BitFlags,vcg::vertex::Normal3m>
          ]
          D:\vcglib\vcg\simplex\vertex\component.h(395,52):
          查看对正在编译的 类 模板 实例化“vcg::Arity4<Base,A,B,C,D>”的引用
          with
          [
              Base=vcg::vertex::EmptyCore<CUsedTypesO>,
              A=vcg::vertex::InfoOcf,
              B=vcg::vertex::Coord3m,
              C=vcg::vertex::BitFlags,
              D=vcg::vertex::Normal3m
          ]
          D:\vcglib\vcg\container\derivation_chain.h(55,27):
          查看对正在编译的 类 模板 实例化“vcg::vertex::Normal3m<vcg::Arity3<Base,A,B,C>>”的引用
          with
          [
              Base=vcg::vertex::EmptyCore<CUsedTypesO>,
              A=vcg::vertex::InfoOcf,
              B=vcg::vertex::Coord3m,
              C=vcg::vertex::BitFlags
          ]
          D:\Myproject\Algorithm Library\include\mymesh.h(21,46):
          查看对正在编译的 类 模板 实例化“vcg::vertex::Normal<vcg::Point3<float>,T>”的引用
          with
          [
              T=vcg::Arity3<vcg::vertex::EmptyCore<CUsedTypesO>,vcg::vertex::InfoOcf,vcg::vertex::Coord3m,vcg::vertex::BitFlags>
          ]
          D:\vcglib\vcg\simplex\vertex\component.h(234,50):
          查看对正在编译的 类 模板 实例化“vcg::Arity3<Base,A,B,C>”的引用
          with
          [
              Base=vcg::vertex::EmptyCore<CUsedTypesO>,
              A=vcg::vertex::InfoOcf,
              B=vcg::vertex::Coord3m,
              C=vcg::vertex::BitFlags
          ]
          D:\vcglib\vcg\container\derivation_chain.h(49,27):
          查看对正在编译的 类 模板 实例化“vcg::vertex::BitFlags<vcg::Arity2<Base,A,B>>”的引用
          with
          [
              Base=vcg::vertex::EmptyCore<CUsedTypesO>,
              A=vcg::vertex::InfoOcf,
              B=vcg::vertex::Coord3m
          ]
          D:\vcglib\vcg\simplex\vertex\component.h(344,44):
          查看对正在编译的 类 模板 实例化“vcg::Arity2<Base,A,B>”的引用
          with
          [
              Base=vcg::vertex::EmptyCore<CUsedTypesO>,
              A=vcg::vertex::InfoOcf,
              B=vcg::vertex::Coord3m
          ]
          D:\vcglib\vcg\container\derivation_chain.h(43,27):
          查看对正在编译的 类 模板 实例化“vcg::vertex::Coord3m<vcg::Arity1<Base,A>>”的引用
          with
          [
              Base=vcg::vertex::EmptyCore<CUsedTypesO>,
              A=vcg::vertex::InfoOcf
          ]
          D:\Myproject\Algorithm Library\include\mymesh.h(17,45):
          查看对正在编译的 类 模板 实例化“vcg::vertex::Coord<vcg::Point3<float>,T>”的引用
          with
          [
              T=vcg::Arity1<vcg::vertex::EmptyCore<CUsedTypesO>,vcg::vertex::InfoOcf>
          ]
          D:\vcglib\vcg\simplex\vertex\component.h(194,49):
          查看对正在编译的 类 模板 实例化“vcg::Arity1<Base,A>”的引用
          with
          [
              Base=vcg::vertex::EmptyCore<CUsedTypesO>,
              A=vcg::vertex::InfoOcf
          ]
          D:\vcglib\vcg\container\derivation_chain.h(37,27):
          查看对正在编译的 类 模板 实例化“vcg::vertex::InfoOcf<Base>”的引用
          with
          [
              Base=vcg::vertex::EmptyCore<CUsedTypesO>
          ]
          D:\vcglib\vcg\simplex\vertex\component_ocf.h(533,16):
          在编译 类 模板 成员函数“int vcg::vertex::InfoOcf<Base>::Index(void) const”时
          with
          [
              Base=vcg::vertex::EmptyCore<CUsedTypesO>
          ]
              D:\vcglib\vcg\simplex\vertex\component_ocf.h(288,9):
              请参阅 "vcg::vertex::VFAdjOcf<vcg::Arity6<Base,A,B,C,D,E,F>>::VFi" 中对 "vcg::vertex::InfoOcf<Base>::Index" 的第一个引用
          with
          [
              Base=vcg::vertex::EmptyCore<CUsedTypesO>,
              A=vcg::vertex::InfoOcf,
              B=vcg::vertex::Coord3m,
              C=vcg::vertex::BitFlags,
              D=vcg::vertex::Normal3m,
              E=vcg::vertex::Qualitym,
              F=vcg::vertex::Color4b
          ]
          and
          [
              Base=vcg::vertex::EmptyCore<CUsedTypesO>
          ]
              D:\vcglib\vcg\complex\algorithms\update\topology.h(474,17):
              请参阅 "vcg::tri::UpdateTopology<CMeshO>::VertexFace" 中对 "vcg::vertex::VFAdjOcf<vcg::Arity6<Base,A,B,C,D,E,F>>::VFi" 的第一个引用
          with
          [
              Base=vcg::vertex::EmptyCore<CUsedTypesO>,
              A=vcg::vertex::InfoOcf,
              B=vcg::vertex::Coord3m,
              C=vcg::vertex::BitFlags,
              D=vcg::vertex::Normal3m,
              E=vcg::vertex::Qualitym,
              F=vcg::vertex::Color4b
          ]
              D:\Myproject\Algorithm Library\include\mymesh.h(180,47):
              请参阅 "CMeshO::updateDataMask" 中对 "vcg::tri::UpdateTopology<CMeshO>::VertexFace" 的第一个引用
  
  main.cpp
D:\eigen-3.4.0\Eigen\src\Core\arch\Default\Half.h(1,1): warning C4819: 该文件包含不能在当前代码页(936)中表示的字符。请将该文件保存为 Unicode 格式以防止数据丢失
  (编译源文件“main.cpp”)
  
D:\eigen-3.4.0\Eigen\src\Core\arch\Default\BFloat16.h(1,1): warning C4819: 该文件包含不能在当前代码页(936)中表示的字符。请将该文件保存为 Unicode 格式以防止数据丢失
  (编译源文件“main.cpp”)
  
D:\eigen-3.4.0\Eigen\src\Core\arch\Default\GenericPacketMathFunctions.h(676,1): warning C4819: 该文件包含不能在当前代码页(936)中表示的字符。请将该文件保存为 Unicode 格式以防止数据丢失
  (编译源文件“main.cpp”)
  
D:\Myproject\Algorithm Library\include\mymesh.h(215,16): warning C4267: “初始化”: 从“size_t”转换到“int”，可能丢失数据
  (编译源文件“main.cpp”)
  
D:\vcglib\vcg\complex\algorithms\clean.h(424,21): warning C4244: “return”: 从“__int64”转换到“int”，可能丢失数据
  (编译源文件“main.cpp”)
      D:\vcglib\vcg\complex\algorithms\clean.h(424,21):
      模板实例化上下文(最早的实例化上下文)为
          D:\Myproject\Algorithm Library\include\mymesh.h(244,28):
          查看对正在编译的 类 模板 实例化“vcg::tri::Clean<CMeshO>”的引用
          D:\vcglib\vcg\complex\algorithms\clean.h(396,13):
          在编译 类 模板 成员函数“int vcg::tri::Clean<CMeshO>::RemoveUnreferencedVertex(CMeshO &,bool)”时
              D:\Myproject\Algorithm Library\include\mymesh.h(245,52):
              请参阅 "CMeshO::EnableAttribute" 中对 "vcg::tri::Clean<CMeshO>::RemoveUnreferencedVertex" 的第一个引用
  
D:\vcglib\wrap\io_trimesh\export_obj.h(154,18): warning C4267: “初始化”: 从“size_t”转换到“int”，可能丢失数据
  (编译源文件“main.cpp”)
      D:\vcglib\wrap\io_trimesh\export_obj.h(154,18):
      模板实例化上下文(最早的实例化上下文)为
          C:\Users\Administrator\Desktop\github\ConvexHull\ConvexHull\ConvexHull\main.cpp(20,37):
          查看对正在编译的 类 模板 实例化“vcg::tri::io::ExporterOBJ<CMeshO>”的引用
          D:\vcglib\wrap\io_trimesh\export_obj.h(128,14):
          在编译 类 模板 成员函数“int vcg::tri::io::ExporterOBJ<CMeshO>::Save(SaveMeshType &,const char *,int,bool,vcg::CallBackPos (__cdecl *))”时
          with
          [
              SaveMeshType=CMeshO
          ]
              D:\vcglib\wrap\io_trimesh\export_obj.h(120,5):
              请参阅 "vcg::tri::io::ExporterOBJ<CMeshO>::Save" 中对 "vcg::tri::io::ExporterOBJ<CMeshO>::Save" 的第一个引用
              C:\Users\Administrator\Desktop\github\ConvexHull\ConvexHull\ConvexHull\main.cpp(20,41):
              请参阅 "main" 中对 "vcg::tri::io::ExporterOBJ<CMeshO>::Save" 的第一个引用
  
D:\vcglib\vcg\complex\algorithms\clean.h(370,68): warning C4267: “参数”: 从“size_t”转换到“unsigned int”，可能丢失数据
  (编译源文件“main.cpp”)
      D:\vcglib\vcg\complex\algorithms\clean.h(370,68):
      模板实例化上下文(最早的实例化上下文)为
          D:\vcglib\vcg\complex\algorithms\clean.h(363,13):
          在编译 类 模板 成员函数“int vcg::tri::Clean<CMeshO>::RemoveDuplicateEdge(CMeshO &)”时
              D:\vcglib\vcg\complex\algorithms\clean.h(273,23):
              请参阅 "vcg::tri::Clean<CMeshO>::RemoveDuplicateVertex" 中对 "vcg::tri::Clean<CMeshO>::RemoveDuplicateEdge" 的第一个引用
              D:\Myproject\Algorithm Library\include\mymesh.h(244,49):
              请参阅 "CMeshO::EnableAttribute" 中对 "vcg::tri::Clean<CMeshO>::RemoveDuplicateVertex" 的第一个引用
  
D:\vcglib\vcg\complex\algorithms\clean.h(370,42): warning C4267: “参数”: 从“size_t”转换到“unsigned int”，可能丢失数据
  (编译源文件“main.cpp”)
  
D:\vcglib\wrap\io_trimesh\export_obj.h(393,34): warning C4267: “参数”: 从“size_t”转换到“const int”，可能丢失数据
  (编译源文件“main.cpp”)
      D:\vcglib\wrap\io_trimesh\export_obj.h(393,34):
      模板实例化上下文(最早的实例化上下文)为
          D:\vcglib\wrap\io_trimesh\export_obj.h(375,21):
          在编译 类 模板 成员函数“int vcg::tri::io::ExporterOBJ<CMeshO>::WriteMaterials(std::vector<vcg::tri::io::Material,std::allocator<vcg::tri::io::Material>> &,const char *,vcg::CallBackPos (__cdecl *))”时
              D:\vcglib\wrap\io_trimesh\export_obj.h(290,40):
              请参阅 "vcg::tri::io::ExporterOBJ<CMeshO>::Save" 中对 "vcg::tri::io::ExporterOBJ<CMeshO>::WriteMaterials" 的第一个引用
              D:\vcglib\wrap\io_trimesh\export_obj.h(120,5):
              请参阅 "vcg::tri::io::ExporterOBJ<CMeshO>::Save" 中对 "vcg::tri::io::ExporterOBJ<CMeshO>::Save" 的第一个引用
              C:\Users\Administrator\Desktop\github\ConvexHull\ConvexHull\ConvexHull\main.cpp(20,41):
              请参阅 "main" 中对 "vcg::tri::io::ExporterOBJ<CMeshO>::Save" 的第一个引用
  
D:\vcglib\wrap\io_trimesh\import_stl.h(163,14): warning C4267: “=”: 从“size_t”转换到“int”，可能丢失数据
  (编译源文件“main.cpp”)
      D:\vcglib\wrap\io_trimesh\import_stl.h(163,14):
      模板实例化上下文(最早的实例化上下文)为
          C:\Users\Administrator\Desktop\github\ConvexHull\ConvexHull\ConvexHull\main.cpp(16,37):
          查看对正在编译的 类 模板 实例化“vcg::tri::io::ImporterSTL<CMeshO>”的引用
          D:\vcglib\wrap\io_trimesh\import_stl.h(152,13):
          在编译 类 模板 成员函数“bool vcg::tri::io::ImporterSTL<CMeshO>::IsSTLMalformed(const char *,bool &)”时
              D:\vcglib\wrap\io_trimesh\import_stl.h(109,3):
              请参阅 "vcg::tri::io::ImporterSTL<CMeshO>::IsSTLColored" 中对 "vcg::tri::io::ImporterSTL<CMeshO>::IsSTLMalformed" 的第一个引用
              D:\vcglib\wrap\io_trimesh\import_stl.h(221,3):
              请参阅 "vcg::tri::io::ImporterSTL<CMeshO>::OpenBinary" 中对 "vcg::tri::io::ImporterSTL<CMeshO>::IsSTLColored" 的第一个引用
              C:\Users\Administrator\Desktop\github\ConvexHull\ConvexHull\ConvexHull\main.cpp(16,47):
              请参阅 "main" 中对 "vcg::tri::io::ImporterSTL<CMeshO>::OpenBinary" 的第一个引用
  
D:\vcglib\wrap\io_trimesh\import_stl.h(178,14): warning C4267: “=”: 从“size_t”转换到“int”，可能丢失数据
  (编译源文件“main.cpp”)
  
D:\vcglib\vcg\simplex\vertex\component_ocf.h(535,16): warning C4244: “初始化”: 从“__int64”转换到“int”，可能丢失数据
  (编译源文件“main.cpp”)
      D:\vcglib\vcg\simplex\vertex\component_ocf.h(535,16):
      模板实例化上下文(最早的实例化上下文)为
          D:\Myproject\Algorithm Library\include\mymesh.h(71,30):
          查看对正在编译的 类 模板 实例化“vcg::Vertex<CUsedTypesO,vcg::vertex::InfoOcf,vcg::vertex::Coord3m,vcg::vertex::BitFlags,vcg::vertex::Normal3m,vcg::vertex::Qualitym,vcg::vertex::Color4b,vcg::vertex::VFAdjOcf,vcg::vertex::MarkOcf,vcg::vertex::TexCoordfOcf,vcg::vertex::CurvatureDirmOcf,vcg::vertex::RadiusmOcf,vcg::DefaultDeriver>”的引用
          D:\vcglib\vcg\simplex\vertex\base.h(193,29):
          查看对正在编译的 类 模板 实例化“vcg::VertexArityMax<UserTypes,A,B,C,D,E,F,G,H,I,J,K,L>”的引用
          with
          [
              UserTypes=CUsedTypesO,
              A=vcg::vertex::InfoOcf,
              B=vcg::vertex::Coord3m,
              C=vcg::vertex::BitFlags,
              D=vcg::vertex::Normal3m,
              E=vcg::vertex::Qualitym,
              F=vcg::vertex::Color4b,
              G=vcg::vertex::VFAdjOcf,
              H=vcg::vertex::MarkOcf,
              I=vcg::vertex::TexCoordfOcf,
              J=vcg::vertex::CurvatureDirmOcf,
              K=vcg::vertex::RadiusmOcf,
              L=vcg::DefaultDeriver
          ]
          D:\vcglib\vcg\simplex\vertex\base.h(64,30):
          查看对正在编译的 类 模板 实例化“vcg::Arity12<vcg::vertex::EmptyCore<UserTypes>,A,B,C,D,E,F,G,H,I,J,K,L>”的引用
          with
          [
              UserTypes=CUsedTypesO,
              A=vcg::vertex::InfoOcf,
              B=vcg::vertex::Coord3m,
              C=vcg::vertex::BitFlags,
              D=vcg::vertex::Normal3m,
              E=vcg::vertex::Qualitym,
              F=vcg::vertex::Color4b,
              G=vcg::vertex::VFAdjOcf,
              H=vcg::vertex::MarkOcf,
              I=vcg::vertex::TexCoordfOcf,
              J=vcg::vertex::CurvatureDirmOcf,
              K=vcg::vertex::RadiusmOcf,
              L=vcg::DefaultDeriver
          ]
          D:\vcglib\vcg\container\derivation_chain.h(124,63):
          查看对正在编译的 类 模板 实例化“vcg::DefaultDeriver<vcg::Arity11<Base,A,B,C,D,E,F,G,H,I,J,K>>”的引用
          with
          [
              Base=vcg::vertex::EmptyCore<CUsedTypesO>,
              A=vcg::vertex::InfoOcf,
              B=vcg::vertex::Coord3m,
              C=vcg::vertex::BitFlags,
              D=vcg::vertex::Normal3m,
              E=vcg::vertex::Qualitym,
              F=vcg::vertex::Color4b,
              G=vcg::vertex::VFAdjOcf,
              H=vcg::vertex::MarkOcf,
              I=vcg::vertex::TexCoordfOcf,
              J=vcg::vertex::CurvatureDirmOcf,
              K=vcg::vertex::RadiusmOcf
          ]
          D:\vcglib\vcg\container\derivation_chain.h(32,31):
          查看对正在编译的 类 模板 实例化“vcg::Arity11<Base,A,B,C,D,E,F,G,H,I,J,K>”的引用
          with
          [
              Base=vcg::vertex::EmptyCore<CUsedTypesO>,
              A=vcg::vertex::InfoOcf,
              B=vcg::vertex::Coord3m,
              C=vcg::vertex::BitFlags,
              D=vcg::vertex::Normal3m,
              E=vcg::vertex::Qualitym,
              F=vcg::vertex::Color4b,
              G=vcg::vertex::VFAdjOcf,
              H=vcg::vertex::MarkOcf,
              I=vcg::vertex::TexCoordfOcf,
              J=vcg::vertex::CurvatureDirmOcf,
              K=vcg::vertex::RadiusmOcf
          ]
          D:\vcglib\vcg\container\derivation_chain.h(113,28):
          查看对正在编译的 类 模板 实例化“vcg::vertex::RadiusmOcf<vcg::Arity10<Base,A,B,C,D,E,F,G,H,I,J>>”的引用
          with
          [
              Base=vcg::vertex::EmptyCore<CUsedTypesO>,
              A=vcg::vertex::InfoOcf,
              B=vcg::vertex::Coord3m,
              C=vcg::vertex::BitFlags,
              D=vcg::vertex::Normal3m,
              E=vcg::vertex::Qualitym,
              F=vcg::vertex::Color4b,
              G=vcg::vertex::VFAdjOcf,
              H=vcg::vertex::MarkOcf,
              I=vcg::vertex::TexCoordfOcf,
              J=vcg::vertex::CurvatureDirmOcf
          ]
          D:\Myproject\Algorithm Library\include\mymesh.h(33,48):
          查看对正在编译的 类 模板 实例化“vcg::vertex::RadiusOcf<float,T>”的引用
          with
          [
              T=vcg::Arity10<vcg::vertex::EmptyCore<CUsedTypesO>,vcg::vertex::InfoOcf,vcg::vertex::Coord3m,vcg::vertex::BitFlags,vcg::vertex::Normal3m,vcg::vertex::Qualitym,vcg::vertex::Color4b,vcg::vertex::VFAdjOcf,vcg::vertex::MarkOcf,vcg::vertex::TexCoordfOcf,vcg::vertex::CurvatureDirmOcf>
          ]
          D:\vcglib\vcg\simplex\vertex\component_ocf.h(495,54):
          查看对正在编译的 类 模板 实例化“vcg::Arity10<Base,A,B,C,D,E,F,G,H,I,J>”的引用
          with
          [
              Base=vcg::vertex::EmptyCore<CUsedTypesO>,
              A=vcg::vertex::InfoOcf,
              B=vcg::vertex::Coord3m,
              C=vcg::vertex::BitFlags,
              D=vcg::vertex::Normal3m,
              E=vcg::vertex::Qualitym,
              F=vcg::vertex::Color4b,
              G=vcg::vertex::VFAdjOcf,
              H=vcg::vertex::MarkOcf,
              I=vcg::vertex::TexCoordfOcf,
              J=vcg::vertex::CurvatureDirmOcf
          ]
          D:\vcglib\vcg\container\derivation_chain.h(103,28):
          查看对正在编译的 类 模板 实例化“vcg::vertex::CurvatureDirmOcf<vcg::Arity9<Base,A,B,C,D,E,F,G,H,I>>”的引用
          with
          [
              Base=vcg::vertex::EmptyCore<CUsedTypesO>,
              A=vcg::vertex::InfoOcf,
              B=vcg::vertex::Coord3m,
              C=vcg::vertex::BitFlags,
              D=vcg::vertex::Normal3m,
              E=vcg::vertex::Qualitym,
              F=vcg::vertex::Color4b,
              G=vcg::vertex::VFAdjOcf,
              H=vcg::vertex::MarkOcf,
              I=vcg::vertex::TexCoordfOcf
          ]
          D:\Myproject\Algorithm Library\include\mymesh.h(29,54):
          查看对正在编译的 类 模板 实例化“vcg::vertex::CurvatureDirOcf<vcg::vertex::CurvatureDirTypeOcf<float>,T>”的引用
          with
          [
              T=vcg::Arity9<vcg::vertex::EmptyCore<CUsedTypesO>,vcg::vertex::InfoOcf,vcg::vertex::Coord3m,vcg::vertex::BitFlags,vcg::vertex::Normal3m,vcg::vertex::Qualitym,vcg::vertex::Color4b,vcg::vertex::VFAdjOcf,vcg::vertex::MarkOcf,vcg::vertex::TexCoordfOcf>
          ]
          D:\vcglib\vcg\simplex\vertex\component_ocf.h(447,60):
          查看对正在编译的 类 模板 实例化“vcg::Arity9<Base,A,B,C,D,E,F,G,H,I>”的引用
          with
          [
              Base=vcg::vertex::EmptyCore<CUsedTypesO>,
              A=vcg::vertex::InfoOcf,
              B=vcg::vertex::Coord3m,
              C=vcg::vertex::BitFlags,
              D=vcg::vertex::Normal3m,
              E=vcg::vertex::Qualitym,
              F=vcg::vertex::Color4b,
              G=vcg::vertex::VFAdjOcf,
              H=vcg::vertex::MarkOcf,
              I=vcg::vertex::TexCoordfOcf
          ]
          D:\vcglib\vcg\container\derivation_chain.h(94,27):
          查看对正在编译的 类 模板 实例化“vcg::vertex::TexCoordfOcf<vcg::Arity8<Base,A,B,C,D,E,F,G,H>>”的引用
          with
          [
              Base=vcg::vertex::EmptyCore<CUsedTypesO>,
              A=vcg::vertex::InfoOcf,
              B=vcg::vertex::Coord3m,
              C=vcg::vertex::BitFlags,
              D=vcg::vertex::Normal3m,
              E=vcg::vertex::Qualitym,
              F=vcg::vertex::Color4b,
              G=vcg::vertex::VFAdjOcf,
              H=vcg::vertex::MarkOcf
          ]
          D:\vcglib\vcg\simplex\vertex\component_ocf.h(406,47):
          查看对正在编译的 类 模板 实例化“vcg::vertex::TexCoordOcf<vcg::TexCoord2<float,1>,T>”的引用
          with
          [
              T=vcg::Arity8<vcg::vertex::EmptyCore<CUsedTypesO>,vcg::vertex::InfoOcf,vcg::vertex::Coord3m,vcg::vertex::BitFlags,vcg::vertex::Normal3m,vcg::vertex::Qualitym,vcg::vertex::Color4b,vcg::vertex::VFAdjOcf,vcg::vertex::MarkOcf>
          ]
          D:\vcglib\vcg\simplex\vertex\component_ocf.h(388,56):
          查看对正在编译的 类 模板 实例化“vcg::Arity8<Base,A,B,C,D,E,F,G,H>”的引用
          with
          [
              Base=vcg::vertex::EmptyCore<CUsedTypesO>,
              A=vcg::vertex::InfoOcf,
              B=vcg::vertex::Coord3m,
              C=vcg::vertex::BitFlags,
              D=vcg::vertex::Normal3m,
              E=vcg::vertex::Qualitym,
              F=vcg::vertex::Color4b,
              G=vcg::vertex::VFAdjOcf,
              H=vcg::vertex::MarkOcf
          ]
          D:\vcglib\vcg\container\derivation_chain.h(85,27):
          查看对正在编译的 类 模板 实例化“vcg::vertex::MarkOcf<vcg::Arity7<Base,A,B,C,D,E,F,G>>”的引用
          with
          [
              Base=vcg::vertex::EmptyCore<CUsedTypesO>,
              A=vcg::vertex::InfoOcf,
              B=vcg::vertex::Coord3m,
              C=vcg::vertex::BitFlags,
              D=vcg::vertex::Normal3m,
              E=vcg::vertex::Qualitym,
              F=vcg::vertex::Color4b,
              G=vcg::vertex::VFAdjOcf
          ]
          D:\vcglib\vcg\simplex\vertex\component_ocf.h(412,42):
          查看对正在编译的 类 模板 实例化“vcg::Arity7<Base,A,B,C,D,E,F,G>”的引用
          with
          [
              Base=vcg::vertex::EmptyCore<CUsedTypesO>,
              A=vcg::vertex::InfoOcf,
              B=vcg::vertex::Coord3m,
              C=vcg::vertex::BitFlags,
              D=vcg::vertex::Normal3m,
              E=vcg::vertex::Qualitym,
              F=vcg::vertex::Color4b,
              G=vcg::vertex::VFAdjOcf
          ]
          D:\vcglib\vcg\container\derivation_chain.h(77,27):
          查看对正在编译的 类 模板 实例化“vcg::vertex::VFAdjOcf<vcg::Arity6<Base,A,B,C,D,E,F>>”的引用
          with
          [
              Base=vcg::vertex::EmptyCore<CUsedTypesO>,
              A=vcg::vertex::InfoOcf,
              B=vcg::vertex::Coord3m,
              C=vcg::vertex::BitFlags,
              D=vcg::vertex::Normal3m,
              E=vcg::vertex::Qualitym,
              F=vcg::vertex::Color4b
          ]
          D:\vcglib\vcg\simplex\vertex\component_ocf.h(275,43):
          查看对正在编译的 类 模板 实例化“vcg::Arity6<Base,A,B,C,D,E,F>”的引用
          with
          [
              Base=vcg::vertex::EmptyCore<CUsedTypesO>,
              A=vcg::vertex::InfoOcf,
              B=vcg::vertex::Coord3m,
              C=vcg::vertex::BitFlags,
              D=vcg::vertex::Normal3m,
              E=vcg::vertex::Qualitym,
              F=vcg::vertex::Color4b
          ]
          D:\vcglib\vcg\container\derivation_chain.h(69,27):
          查看对正在编译的 类 模板 实例化“vcg::vertex::Color4b<vcg::Arity5<Base,A,B,C,D,E>>”的引用
          with
          [
              Base=vcg::vertex::EmptyCore<CUsedTypesO>,
              A=vcg::vertex::InfoOcf,
              B=vcg::vertex::Coord3m,
              C=vcg::vertex::BitFlags,
              D=vcg::vertex::Normal3m,
              E=vcg::vertex::Qualitym
          ]
          D:\vcglib\vcg\simplex\vertex\component.h(383,43):
          查看对正在编译的 类 模板 实例化“vcg::vertex::Color<vcg::Color4b,TT>”的引用
          with
          [
              TT=vcg::Arity5<vcg::vertex::EmptyCore<CUsedTypesO>,vcg::vertex::InfoOcf,vcg::vertex::Coord3m,vcg::vertex::BitFlags,vcg::vertex::Normal3m,vcg::vertex::Qualitym>
          ]
          D:\vcglib\vcg\simplex\vertex\component.h(367,49):
          查看对正在编译的 类 模板 实例化“vcg::Arity5<Base,A,B,C,D,E>”的引用
          with
          [
              Base=vcg::vertex::EmptyCore<CUsedTypesO>,
              A=vcg::vertex::InfoOcf,
              B=vcg::vertex::Coord3m,
              C=vcg::vertex::BitFlags,
              D=vcg::vertex::Normal3m,
              E=vcg::vertex::Qualitym
          ]
          D:\vcglib\vcg\container\derivation_chain.h(62,27):
          查看对正在编译的 类 模板 实例化“vcg::vertex::Qualitym<vcg::Arity4<Base,A,B,C,D>>”的引用
          with
          [
              Base=vcg::vertex::EmptyCore<CUsedTypesO>,
              A=vcg::vertex::InfoOcf,
              B=vcg::vertex::Coord3m,
              C=vcg::vertex::BitFlags,
              D=vcg::vertex::Normal3m
          ]
          D:\Myproject\Algorithm Library\include\mymesh.h(25,46):
          查看对正在编译的 类 模板 实例化“vcg::vertex::Quality<float,T>”的引用
          with
          [
              T=vcg::Arity4<vcg::vertex::EmptyCore<CUsedTypesO>,vcg::vertex::InfoOcf,vcg::vertex::Coord3m,vcg::vertex::BitFlags,vcg::vertex::Normal3m>
          ]
          D:\vcglib\vcg\simplex\vertex\component.h(395,52):
          查看对正在编译的 类 模板 实例化“vcg::Arity4<Base,A,B,C,D>”的引用
          with
          [
              Base=vcg::vertex::EmptyCore<CUsedTypesO>,
              A=vcg::vertex::InfoOcf,
              B=vcg::vertex::Coord3m,
              C=vcg::vertex::BitFlags,
              D=vcg::vertex::Normal3m
          ]
          D:\vcglib\vcg\container\derivation_chain.h(55,27):
          查看对正在编译的 类 模板 实例化“vcg::vertex::Normal3m<vcg::Arity3<Base,A,B,C>>”的引用
          with
          [
              Base=vcg::vertex::EmptyCore<CUsedTypesO>,
              A=vcg::vertex::InfoOcf,
              B=vcg::vertex::Coord3m,
              C=vcg::vertex::BitFlags
          ]
          D:\Myproject\Algorithm Library\include\mymesh.h(21,46):
          查看对正在编译的 类 模板 实例化“vcg::vertex::Normal<vcg::Point3<float>,T>”的引用
          with
          [
              T=vcg::Arity3<vcg::vertex::EmptyCore<CUsedTypesO>,vcg::vertex::InfoOcf,vcg::vertex::Coord3m,vcg::vertex::BitFlags>
          ]
          D:\vcglib\vcg\simplex\vertex\component.h(234,50):
          查看对正在编译的 类 模板 实例化“vcg::Arity3<Base,A,B,C>”的引用
          with
          [
              Base=vcg::vertex::EmptyCore<CUsedTypesO>,
              A=vcg::vertex::InfoOcf,
              B=vcg::vertex::Coord3m,
              C=vcg::vertex::BitFlags
          ]
          D:\vcglib\vcg\container\derivation_chain.h(49,27):
          查看对正在编译的 类 模板 实例化“vcg::vertex::BitFlags<vcg::Arity2<Base,A,B>>”的引用
          with
          [
              Base=vcg::vertex::EmptyCore<CUsedTypesO>,
              A=vcg::vertex::InfoOcf,
              B=vcg::vertex::Coord3m
          ]
          D:\vcglib\vcg\simplex\vertex\component.h(344,44):
          查看对正在编译的 类 模板 实例化“vcg::Arity2<Base,A,B>”的引用
          with
          [
              Base=vcg::vertex::EmptyCore<CUsedTypesO>,
              A=vcg::vertex::InfoOcf,
              B=vcg::vertex::Coord3m
          ]
          D:\vcglib\vcg\container\derivation_chain.h(43,27):
          查看对正在编译的 类 模板 实例化“vcg::vertex::Coord3m<vcg::Arity1<Base,A>>”的引用
          with
          [
              Base=vcg::vertex::EmptyCore<CUsedTypesO>,
              A=vcg::vertex::InfoOcf
          ]
          D:\Myproject\Algorithm Library\include\mymesh.h(17,45):
          查看对正在编译的 类 模板 实例化“vcg::vertex::Coord<vcg::Point3<float>,T>”的引用
          with
          [
              T=vcg::Arity1<vcg::vertex::EmptyCore<CUsedTypesO>,vcg::vertex::InfoOcf>
          ]
          D:\vcglib\vcg\simplex\vertex\component.h(194,49):
          查看对正在编译的 类 模板 实例化“vcg::Arity1<Base,A>”的引用
          with
          [
              Base=vcg::vertex::EmptyCore<CUsedTypesO>,
              A=vcg::vertex::InfoOcf
          ]
          D:\vcglib\vcg\container\derivation_chain.h(37,27):
          查看对正在编译的 类 模板 实例化“vcg::vertex::InfoOcf<Base>”的引用
          with
          [
              Base=vcg::vertex::EmptyCore<CUsedTypesO>
          ]
          D:\vcglib\vcg\simplex\vertex\component_ocf.h(533,16):
          在编译 类 模板 成员函数“int vcg::vertex::InfoOcf<Base>::Index(void) const”时
          with
          [
              Base=vcg::vertex::EmptyCore<CUsedTypesO>
          ]
              D:\vcglib\vcg\simplex\vertex\component_ocf.h(288,9):
              请参阅 "vcg::vertex::VFAdjOcf<vcg::Arity6<Base,A,B,C,D,E,F>>::VFi" 中对 "vcg::vertex::InfoOcf<Base>::Index" 的第一个引用
          with
          [
              Base=vcg::vertex::EmptyCore<CUsedTypesO>,
              A=vcg::vertex::InfoOcf,
              B=vcg::vertex::Coord3m,
              C=vcg::vertex::BitFlags,
              D=vcg::vertex::Normal3m,
              E=vcg::vertex::Qualitym,
              F=vcg::vertex::Color4b
          ]
          and
          [
              Base=vcg::vertex::EmptyCore<CUsedTypesO>
          ]
              D:\vcglib\vcg\complex\algorithms\update\topology.h(474,17):
              请参阅 "vcg::tri::UpdateTopology<CMeshO>::VertexFace" 中对 "vcg::vertex::VFAdjOcf<vcg::Arity6<Base,A,B,C,D,E,F>>::VFi" 的第一个引用
          with
          [
              Base=vcg::vertex::EmptyCore<CUsedTypesO>,
              A=vcg::vertex::InfoOcf,
              B=vcg::vertex::Coord3m,
              C=vcg::vertex::BitFlags,
              D=vcg::vertex::Normal3m,
              E=vcg::vertex::Qualitym,
              F=vcg::vertex::Color4b
          ]
              D:\Myproject\Algorithm Library\include\mymesh.h(180,47):
              请参阅 "CMeshO::updateDataMask" 中对 "vcg::tri::UpdateTopology<CMeshO>::VertexFace" 的第一个引用
  
  正在生成代码...
OpenMeshCored.lib(OBJReader.obj) : warning LNK4099: 未找到 PDB“”(使用“OpenMeshCored.lib(OBJReader.obj)”或在“”中寻找)；正在链接对象，如同没有调试信息一样
OpenMeshCored.lib(OFFReader.obj) : warning LNK4099: 未找到 PDB“”(使用“OpenMeshCored.lib(OFFReader.obj)”或在“”中寻找)；正在链接对象，如同没有调试信息一样
OpenMeshCored.lib(PLYReader.obj) : warning LNK4099: 未找到 PDB“”(使用“OpenMeshCored.lib(PLYReader.obj)”或在“”中寻找)；正在链接对象，如同没有调试信息一样
OpenMeshCored.lib(STLReader.obj) : warning LNK4099: 未找到 PDB“”(使用“OpenMeshCored.lib(STLReader.obj)”或在“”中寻找)；正在链接对象，如同没有调试信息一样
OpenMeshCored.lib(OMReader.obj) : warning LNK4099: 未找到 PDB“”(使用“OpenMeshCored.lib(OMReader.obj)”或在“”中寻找)；正在链接对象，如同没有调试信息一样
OpenMeshCored.lib(OBJWriter.obj) : warning LNK4099: 未找到 PDB“”(使用“OpenMeshCored.lib(OBJWriter.obj)”或在“”中寻找)；正在链接对象，如同没有调试信息一样
OpenMeshCored.lib(OFFWriter.obj) : warning LNK4099: 未找到 PDB“”(使用“OpenMeshCored.lib(OFFWriter.obj)”或在“”中寻找)；正在链接对象，如同没有调试信息一样
OpenMeshCored.lib(STLWriter.obj) : warning LNK4099: 未找到 PDB“”(使用“OpenMeshCored.lib(STLWriter.obj)”或在“”中寻找)；正在链接对象，如同没有调试信息一样
OpenMeshCored.lib(OMWriter.obj) : warning LNK4099: 未找到 PDB“”(使用“OpenMeshCored.lib(OMWriter.obj)”或在“”中寻找)；正在链接对象，如同没有调试信息一样
OpenMeshCored.lib(PLYWriter.obj) : warning LNK4099: 未找到 PDB“”(使用“OpenMeshCored.lib(PLYWriter.obj)”或在“”中寻找)；正在链接对象，如同没有调试信息一样
OpenMeshCored.lib(VTKWriter.obj) : warning LNK4099: 未找到 PDB“”(使用“OpenMeshCored.lib(VTKWriter.obj)”或在“”中寻找)；正在链接对象，如同没有调试信息一样
OpenMeshCored.lib(omstream.obj) : warning LNK4099: 未找到 PDB“”(使用“OpenMeshCored.lib(omstream.obj)”或在“”中寻找)；正在链接对象，如同没有调试信息一样
OpenMeshCored.lib(BaseReader.obj) : warning LNK4099: 未找到 PDB“”(使用“OpenMeshCored.lib(BaseReader.obj)”或在“”中寻找)；正在链接对象，如同没有调试信息一样
OpenMeshCored.lib(IOManager.obj) : warning LNK4099: 未找到 PDB“”(使用“OpenMeshCored.lib(IOManager.obj)”或在“”中寻找)；正在链接对象，如同没有调试信息一样
OpenMeshCored.lib(BaseProperty.obj) : warning LNK4099: 未找到 PDB“”(使用“OpenMeshCored.lib(BaseProperty.obj)”或在“”中寻找)；正在链接对象，如同没有调试信息一样
OpenMeshCored.lib(BinaryHelper.obj) : warning LNK4099: 未找到 PDB“”(使用“OpenMeshCored.lib(BinaryHelper.obj)”或在“”中寻找)；正在链接对象，如同没有调试信息一样
OpenMeshCored.lib(OMFormat.obj) : warning LNK4099: 未找到 PDB“”(使用“OpenMeshCored.lib(OMFormat.obj)”或在“”中寻找)；正在链接对象，如同没有调试信息一样
OpenMeshCored.lib(PropertyCreator.obj) : warning LNK4099: 未找到 PDB“”(使用“OpenMeshCored.lib(PropertyCreator.obj)”或在“”中寻找)；正在链接对象，如同没有调试信息一样
OpenMeshCored.lib(Endian.obj) : warning LNK4099: 未找到 PDB“”(使用“OpenMeshCored.lib(Endian.obj)”或在“”中寻找)；正在链接对象，如同没有调试信息一样
OpenMeshCored.lib(BaseWriter.obj) : warning LNK4099: 未找到 PDB“”(使用“OpenMeshCored.lib(BaseWriter.obj)”或在“”中寻找)；正在链接对象，如同没有调试信息一样
  ConvexHull.vcxproj -> C:\Users\Administrator\Desktop\github\ConvexHull\ConvexHull\x64\Debug\ConvexHull.dll
